<?xml version="1.0" encoding="UTF-8"?>
<!-- Generated by org.testng.reporters.JUnitReportReporter -->
<testsuite skipped="0" hostname="DESKTOP-SRJ6DDR" name="com.training.sanity.tests.Retail_AddtoCartRTTC_034" tests="1" failures="0" timestamp="2019-10-31T17:23:47 IST" time="60.537" errors="0">
  <testcase name="validLoginTest" time="60.537" classname="com.training.sanity.tests.Retail_AddtoCartRTTC_034"/>
</testsuite> <!-- com.training.sanity.tests.Retail_AddtoCartRTTC_034 -->
