<?xml version="1.0" encoding="UTF-8"?>
<!-- Generated by org.testng.reporters.JUnitReportReporter -->
<testsuite skipped="0" hostname="DESKTOP-SRJ6DDR" name="com.training.sanity.tests.RetailMyOrderslinkRTTC_004" tests="1" failures="0" timestamp="2019-10-24T15:47:12 IST" time="28.940" errors="0">
  <testcase name="validLoginTest" time="28.940" classname="com.training.sanity.tests.RetailMyOrderslinkRTTC_004"/>
</testsuite> <!-- com.training.sanity.tests.RetailMyOrderslinkRTTC_004 -->
