<?xml version="1.0" encoding="UTF-8"?>
<!-- Generated by org.testng.reporters.JUnitReportReporter -->
<testsuite skipped="0" hostname="DESKTOP-SRJ6DDR" name="com.training.sanity.tests.RetailAdmin_AddproductsRTTC_035" tests="1" failures="0" timestamp="2019-10-31T17:17:55 IST" time="36.780" errors="0">
  <testcase name="validLoginTest" time="36.780" classname="com.training.sanity.tests.RetailAdmin_AddproductsRTTC_035"/>
</testsuite> <!-- com.training.sanity.tests.RetailAdmin_AddproductsRTTC_035 -->
