<?xml version="1.0" encoding="UTF-8"?>
<!-- Generated by org.testng.reporters.JUnitReportReporter -->
<testsuite skipped="0" hostname="DESKTOP-SRJ6DDR" name="com.training.sanity.tests.AddtoCartRTTC_034" tests="1" failures="0" timestamp="2019-10-31T13:32:13 IST" time="55.877" errors="0">
  <testcase name="validLoginTest" time="55.877" classname="com.training.sanity.tests.AddtoCartRTTC_034"/>
</testsuite> <!-- com.training.sanity.tests.AddtoCartRTTC_034 -->
