<?xml version="1.0" encoding="UTF-8"?>
<!-- Generated by org.testng.reporters.JUnitReportReporter -->
<testsuite skipped="0" hostname="DESKTOP-SRJ6DDR" name="com.training.sanity.tests.RetailChangePasswordRTTC_006" tests="1" failures="0" timestamp="2019-10-24T15:34:55 IST" time="27.330" errors="0">
  <testcase name="validLoginTest" time="27.330" classname="com.training.sanity.tests.RetailChangePasswordRTTC_006"/>
</testsuite> <!-- com.training.sanity.tests.RetailChangePasswordRTTC_006 -->
