<?xml version="1.0" encoding="UTF-8"?>
<!-- Generated by org.testng.reporters.JUnitReportReporter -->
<testsuite skipped="0" hostname="DESKTOP-SRJ6DDR" name="com.training.sanity.tests.Retail_AdminAddCategoryRTTC_064" tests="2" failures="0" timestamp="2019-11-05T10:22:48 IST" time="23.931" errors="0">
  <testcase name="testMethod1" time="21.574" classname="com.training.sanity.tests.Retail_AdminAddCategoryRTTC_064"/>
  <testcase name="testMethod2" time="2.357" classname="com.training.sanity.tests.Retail_AdminAddCategoryRTTC_064"/>
</testsuite> <!-- com.training.sanity.tests.Retail_AdminAddCategoryRTTC_064 -->
