<?xml version="1.0" encoding="UTF-8"?>
<!-- Generated by org.testng.reporters.JUnitReportReporter -->
<testsuite skipped="0" hostname="DESKTOP-SRJ6DDR" name="com.training.sanity.tests.RetailEditInfoRTTC_005" tests="1" failures="0" timestamp="2019-10-24T15:46:17 IST" time="32.488" errors="0">
  <testcase name="validLoginTest" time="32.488" classname="com.training.sanity.tests.RetailEditInfoRTTC_005"/>
</testsuite> <!-- com.training.sanity.tests.RetailEditInfoRTTC_005 -->
