<?xml version="1.0" encoding="UTF-8"?>
<!-- Generated by org.testng.reporters.JUnitReportReporter -->
<testsuite skipped="1" hostname="DESKTOP-SRJ6DDR" name="com.training.sanity.tests.RetailAdminRTTC_066" tests="1" failures="0" timestamp="2019-11-06T22:30:15 IST" time="0.000" errors="0">
  <testcase name="loginDBTest" time="0.000" classname="com.training.sanity.tests.RetailAdminRTTC_066">
    <skipped/>
  </testcase> <!-- loginDBTest -->
</testsuite> <!-- com.training.sanity.tests.RetailAdminRTTC_066 -->
